\BOOKMARK [0][-]{chapter.1}{Introduction}{}% 1
\BOOKMARK [1][-]{section.1.1}{Related Work}{chapter.1}% 2
\BOOKMARK [1][-]{section.1.2}{Outline}{chapter.1}% 3
\BOOKMARK [0][-]{chapter.2}{Initial Data Analysis}{}% 4
\BOOKMARK [1][-]{section.2.1}{Feature Selection and Data Imputation}{chapter.2}% 5
\BOOKMARK [1][-]{section.2.2}{Perspectives on Response Styles}{chapter.2}% 6
\BOOKMARK [2][-]{subsection.2.2.1}{Likert-Type Scale}{section.2.2}% 7
\BOOKMARK [2][-]{subsection.2.2.2}{Data Mismatch}{section.2.2}% 8
\BOOKMARK [0][-]{chapter.3}{Feasibility of Learning}{}% 9
\BOOKMARK [1][-]{section.3.1}{Terminology and Definitions}{chapter.3}% 10
\BOOKMARK [2][-]{subsection.3.1.1}{Sampling Bias}{section.3.1}% 11
\BOOKMARK [2][-]{subsection.3.1.2}{Representative Sample}{section.3.1}% 12
\BOOKMARK [2][-]{subsection.3.1.3}{The Problem of Overfitting}{section.3.1}% 13
\BOOKMARK [1][-]{section.3.2}{Discriminative Learning}{chapter.3}% 14
\BOOKMARK [1][-]{section.3.3}{Learning from Positive and Unlabeled Data}{chapter.3}% 15
\BOOKMARK [2][-]{subsection.3.3.1}{Recovering Model Performance}{section.3.3}% 16
\BOOKMARK [0][-]{chapter.4}{Results}{}% 17
\BOOKMARK [1][-]{section.4.1}{Maximal Representative Subsample}{chapter.4}% 18
\BOOKMARK [2][-]{subsection.4.1.1}{Fraction of Positives}{section.4.1}% 19
\BOOKMARK [2][-]{subsection.4.1.2}{ROC and puROC Evaluation}{section.4.1}% 20
\BOOKMARK [1][-]{section.4.2}{Political Participation and Resilience}{chapter.4}% 21
\BOOKMARK [0][-]{chapter.5}{Future Work}{}% 22
\BOOKMARK [0][-]{chapter.6}{Conclusion}{}% 23
\BOOKMARK [0][-]{chapter.6}{Bibliography}{}% 24
